<?xml version="1.0" encoding="UTF-8"?>
<!-- Generated by org.testng.reporters.JUnitReportReporter -->
<testsuite skipped="0" hostname="LENOVO" name="unicodeTech.TestSuiteB.MenuTesting" tests="1" failures="0" timestamp="05 Aug 2019 03:00:23 GMT" time="17.544" errors="0">
  <testcase name="testMenuTesting" time="17.544" classname="unicodeTech.TestSuiteB.MenuTesting"/>
</testsuite> <!-- unicodeTech.TestSuiteB.MenuTesting -->
