<?xml version="1.0" encoding="UTF-8"?>
<!-- Generated by org.testng.reporters.JUnitReportReporter -->
<testsuite skipped="0" hostname="LENOVO" name="unicodeTech.TestSuiteB.NewProductTable" tests="1" failures="0" timestamp="05 Aug 2019 03:00:23 GMT" time="0.980" errors="0">
  <testcase name="testNewProductTable" time="0.980" classname="unicodeTech.TestSuiteB.NewProductTable"/>
</testsuite> <!-- unicodeTech.TestSuiteB.NewProductTable -->
