<?xml version="1.0" encoding="UTF-8"?>
<!-- Generated by org.testng.reporters.JUnitReportReporter -->
<testsuite skipped="0" hostname="LENOVO" name="unicodeTech.TestSuiteC.HomePageLinks" tests="1" failures="0" timestamp="05 Aug 2019 03:00:23 GMT" time="4.014" errors="0">
  <testcase name="testHomePageLinks" time="4.014" classname="unicodeTech.TestSuiteC.HomePageLinks"/>
</testsuite> <!-- unicodeTech.TestSuiteC.HomePageLinks -->
