<?xml version="1.0" encoding="UTF-8"?>
<!-- Generated by org.testng.reporters.JUnitReportReporter -->
<testsuite skipped="0" hostname="LENOVO" name="unicodeTech.TestSuiteA.ChangePassword" tests="1" failures="0" timestamp="05 Aug 2019 03:13:26 GMT" time="24.484" errors="0">
  <testcase name="testChangePassword" time="24.484" classname="unicodeTech.TestSuiteA.ChangePassword"/>
</testsuite> <!-- unicodeTech.TestSuiteA.ChangePassword -->
