<?xml version="1.0" encoding="UTF-8"?>
<!-- Generated by org.testng.reporters.JUnitReportReporter -->
<testsuite skipped="0" hostname="LENOVO" name="unicodeTech.TestSuiteA.ValidateUser" tests="3" failures="0" timestamp="05 Aug 2019 03:00:23 GMT" time="13.873" errors="0">
  <testcase name="testValidateUser" time="3.770" classname="unicodeTech.TestSuiteA.ValidateUser"/>
  <testcase name="testValidateUser" time="5.129" classname="unicodeTech.TestSuiteA.ValidateUser"/>
  <testcase name="testValidateUser" time="4.974" classname="unicodeTech.TestSuiteA.ValidateUser"/>
</testsuite> <!-- unicodeTech.TestSuiteA.ValidateUser -->
